<?xml version="1.0" encoding="UTF-8"?>
<coverage generated="1706429940208" clover="3.2.0">
  <project timestamp="1706429940208" name="All files">
    <metrics statements="130" coveredstatements="41" conditionals="11" coveredconditionals="1" methods="39" coveredmethods="6" elements="180" coveredelements="48" complexity="0" loc="130" ncloc="130" packages="2" files="6" classes="6"/>
    <package name="classes">
      <metrics statements="39" coveredstatements="5" conditionals="5" coveredconditionals="0" methods="5" coveredmethods="1"/>
      <file name="ClassUser.ts" path="D:\Dropbox\Luca\6_Projekte\coding\ao3\ao3-toolkit-rewrite\ao3-toolkit\src\classes\ClassUser.ts">
        <metrics statements="3" coveredstatements="3" conditionals="0" coveredconditionals="0" methods="1" coveredmethods="1"/>
        <line num="6" count="1" type="stmt"/>
        <line num="10" count="1" type="stmt"/>
        <line num="11" count="1" type="stmt"/>
      </file>
      <file name="ClassWork.ts" path="D:\Dropbox\Luca\6_Projekte\coding\ao3\ao3-toolkit-rewrite\ao3-toolkit\src\classes\ClassWork.ts">
        <metrics statements="4" coveredstatements="0" conditionals="0" coveredconditionals="0" methods="1" coveredmethods="0"/>
        <line num="11" count="0" type="stmt"/>
        <line num="20" count="0" type="stmt"/>
        <line num="21" count="0" type="stmt"/>
        <line num="22" count="0" type="stmt"/>
      </file>
      <file name="ClassWorkInfo.ts" path="D:\Dropbox\Luca\6_Projekte\coding\ao3\ao3-toolkit-rewrite\ao3-toolkit\src\classes\ClassWorkInfo.ts">
        <metrics statements="28" coveredstatements="2" conditionals="5" coveredconditionals="0" methods="2" coveredmethods="0"/>
        <line num="37" count="1" type="stmt"/>
        <line num="74" count="0" type="cond" truecount="0" falsecount="1"/>
        <line num="75" count="0" type="cond" truecount="0" falsecount="2"/>
        <line num="76" count="0" type="stmt"/>
        <line num="77" count="0" type="stmt"/>
        <line num="78" count="0" type="stmt"/>
        <line num="79" count="0" type="stmt"/>
        <line num="80" count="0" type="stmt"/>
        <line num="81" count="0" type="stmt"/>
        <line num="82" count="0" type="stmt"/>
        <line num="83" count="0" type="stmt"/>
        <line num="84" count="0" type="stmt"/>
        <line num="85" count="0" type="stmt"/>
        <line num="86" count="0" type="stmt"/>
        <line num="87" count="0" type="stmt"/>
        <line num="88" count="0" type="stmt"/>
        <line num="89" count="0" type="stmt"/>
        <line num="90" count="0" type="stmt"/>
        <line num="92" count="0" type="stmt"/>
        <line num="107" count="1" type="stmt"/>
        <line num="122" count="0" type="stmt"/>
        <line num="123" count="0" type="stmt"/>
        <line num="124" count="0" type="stmt"/>
        <line num="125" count="0" type="stmt"/>
        <line num="126" count="0" type="stmt"/>
        <line num="127" count="0" type="cond" truecount="0" falsecount="2"/>
        <line num="128" count="0" type="stmt"/>
        <line num="131" count="0" type="stmt"/>
      </file>
      <file name="ClassWorkUserData.ts" path="D:\Dropbox\Luca\6_Projekte\coding\ao3\ao3-toolkit-rewrite\ao3-toolkit\src\classes\ClassWorkUserData.ts">
        <metrics statements="4" coveredstatements="0" conditionals="0" coveredconditionals="0" methods="1" coveredmethods="0"/>
        <line num="6" count="0" type="stmt"/>
        <line num="15" count="0" type="stmt"/>
        <line num="16" count="0" type="stmt"/>
        <line num="17" count="0" type="stmt"/>
      </file>
    </package>
    <package name="utils">
      <metrics statements="91" coveredstatements="36" conditionals="6" coveredconditionals="1" methods="34" coveredmethods="5"/>
      <file name="getWorkInfo.ts" path="D:\Dropbox\Luca\6_Projekte\coding\ao3\ao3-toolkit-rewrite\ao3-toolkit\src\utils\getWorkInfo.ts">
        <metrics statements="74" coveredstatements="23" conditionals="2" coveredconditionals="0" methods="32" coveredmethods="3"/>
        <line num="3" count="1" type="stmt"/>
        <line num="4" count="1" type="stmt"/>
        <line num="21" count="1" type="stmt"/>
        <line num="28" count="1" type="stmt"/>
        <line num="31" count="0" type="stmt"/>
        <line num="33" count="0" type="stmt"/>
        <line num="49" count="0" type="stmt"/>
        <line num="57" count="1" type="stmt"/>
        <line num="60" count="1" type="stmt"/>
        <line num="61" count="1" type="stmt"/>
        <line num="69" count="1" type="stmt"/>
        <line num="72" count="1" type="stmt"/>
        <line num="74" count="1" type="stmt"/>
        <line num="78" count="1" type="stmt"/>
        <line num="91" count="1" type="stmt"/>
        <line num="94" count="0" type="stmt"/>
        <line num="95" count="0" type="stmt"/>
        <line num="98" count="0" type="stmt"/>
        <line num="110" count="1" type="stmt"/>
        <line num="113" count="0" type="stmt"/>
        <line num="115" count="0" type="stmt"/>
        <line num="120" count="0" type="stmt"/>
        <line num="132" count="1" type="stmt"/>
        <line num="135" count="0" type="stmt"/>
        <line num="137" count="0" type="stmt"/>
        <line num="142" count="0" type="stmt"/>
        <line num="154" count="1" type="stmt"/>
        <line num="157" count="0" type="stmt"/>
        <line num="159" count="0" type="stmt"/>
        <line num="172" count="1" type="stmt"/>
        <line num="175" count="0" type="stmt"/>
        <line num="178" count="0" type="stmt"/>
        <line num="183" count="0" type="stmt"/>
        <line num="195" count="1" type="stmt"/>
        <line num="198" count="0" type="stmt"/>
        <line num="200" count="0" type="stmt"/>
        <line num="205" count="0" type="stmt"/>
        <line num="217" count="1" type="stmt"/>
        <line num="220" count="0" type="stmt"/>
        <line num="222" count="0" type="stmt"/>
        <line num="227" count="0" type="stmt"/>
        <line num="239" count="1" type="stmt"/>
        <line num="242" count="0" type="stmt"/>
        <line num="244" count="0" type="stmt"/>
        <line num="254" count="1" type="stmt"/>
        <line num="257" count="0" type="stmt"/>
        <line num="259" count="0" type="stmt"/>
        <line num="263" count="0" type="stmt"/>
        <line num="278" count="1" type="stmt"/>
        <line num="281" count="0" type="stmt"/>
        <line num="283" count="0" type="stmt"/>
        <line num="288" count="0" type="stmt"/>
        <line num="300" count="1" type="stmt"/>
        <line num="303" count="0" type="stmt"/>
        <line num="305" count="0" type="stmt"/>
        <line num="309" count="0" type="stmt"/>
        <line num="312" count="0" type="stmt"/>
        <line num="315" count="1" type="stmt"/>
        <line num="318" count="0" type="stmt"/>
        <line num="320" count="0" type="stmt"/>
        <line num="322" count="0" type="stmt"/>
        <line num="331" count="0" type="stmt"/>
        <line num="337" count="0" type="stmt"/>
        <line num="345" count="0" type="stmt"/>
        <line num="346" count="0" type="cond" truecount="0" falsecount="1"/>
        <line num="347" count="0" type="stmt"/>
        <line num="349" count="0" type="stmt"/>
        <line num="355" count="0" type="stmt"/>
        <line num="356" count="0" type="cond" truecount="0" falsecount="1"/>
        <line num="357" count="0" type="stmt"/>
        <line num="360" count="0" type="stmt"/>
        <line num="365" count="0" type="stmt"/>
        <line num="369" count="0" type="stmt"/>
        <line num="373" count="0" type="stmt"/>
      </file>
      <file name="helpers.ts" path="D:\Dropbox\Luca\6_Projekte\coding\ao3\ao3-toolkit-rewrite\ao3-toolkit\src\utils\helpers.ts">
        <metrics statements="17" coveredstatements="13" conditionals="4" coveredconditionals="1" methods="2" coveredmethods="2"/>
        <line num="1" count="1" type="stmt"/>
        <line num="2" count="1" type="stmt"/>
        <line num="4" count="1" type="stmt"/>
        <line num="7" count="2" type="cond" truecount="0" falsecount="1"/>
        <line num="8" count="0" type="stmt"/>
        <line num="11" count="2" type="stmt"/>
        <line num="12" count="2" type="stmt"/>
        <line num="21" count="2" type="cond" truecount="0" falsecount="1"/>
        <line num="22" count="0" type="stmt"/>
        <line num="25" count="2" type="stmt"/>
        <line num="28" count="1" type="stmt"/>
        <line num="29" count="1" type="cond" truecount="0" falsecount="1"/>
        <line num="30" count="0" type="stmt"/>
        <line num="33" count="1" type="stmt"/>
        <line num="34" count="1" type="cond" truecount="1" falsecount="0"/>
        <line num="35" count="1" type="stmt"/>
        <line num="37" count="0" type="stmt"/>
      </file>
    </package>
  </project>
</coverage>
