{"D:\\Dropbox\\Luca\\6_Projekte\\coding\\ao3\\ao3-toolkit-rewrite\\ao3-toolkit\\src\\classes\\ClassUser.ts": {"path":"D:\\Dropbox\\Luca\\6_Projekte\\coding\\ao3\\ao3-toolkit-rewrite\\ao3-toolkit\\src\\classes\\ClassUser.ts","statementMap":{"0":{"start":{"line":10,"column":4},"end":{"line":10,"column":34}},"1":{"start":{"line":11,"column":4},"end":{"line":11,"column":34}},"2":{"start":{"line":6,"column":0},"end":{"line":6,"column":21}}},"fnMap":{"0":{"name":"(anonymous_0)","decl":{"start":{"line":9,"column":2},"end":{"line":9,"column":14}},"loc":{"start":{"line":9,"column":58},"end":{"line":12,"column":3}}}},"branchMap":{},"s":{"0":1,"1":1,"2":1},"f":{"0":1},"b":{}}
,"D:\\Dropbox\\Luca\\6_Projekte\\coding\\ao3\\ao3-toolkit-rewrite\\ao3-toolkit\\src\\classes\\ClassWork.ts": {"path":"D:\\Dropbox\\Luca\\6_Projekte\\coding\\ao3\\ao3-toolkit-rewrite\\ao3-toolkit\\src\\classes\\ClassWork.ts","statementMap":{"0":{"start":{"line":20,"column":4},"end":{"line":20,"column":21}},"1":{"start":{"line":21,"column":4},"end":{"line":21,"column":27}},"2":{"start":{"line":22,"column":4},"end":{"line":22,"column":29}},"3":{"start":{"line":11,"column":0},"end":{"line":11,"column":21}}},"fnMap":{"0":{"name":"(anonymous_0)","decl":{"start":{"line":15,"column":2},"end":{"line":15,"column":null}},"loc":{"start":{"line":18,"column":28},"end":{"line":23,"column":3}}}},"branchMap":{},"s":{"0":0,"1":0,"2":0,"3":0},"f":{"0":0},"b":{}}
,"D:\\Dropbox\\Luca\\6_Projekte\\coding\\ao3\\ao3-toolkit-rewrite\\ao3-toolkit\\src\\classes\\ClassWorkInfo.ts": {"path":"D:\\Dropbox\\Luca\\6_Projekte\\coding\\ao3\\ao3-toolkit-rewrite\\ao3-toolkit\\src\\classes\\ClassWorkInfo.ts","statementMap":{"0":{"start":{"line":74,"column":4},"end":{"line":94,"column":5}},"1":{"start":{"line":75,"column":6},"end":{"line":93,"column":7}},"2":{"start":{"line":76,"column":8},"end":{"line":76,"column":35}},"3":{"start":{"line":77,"column":8},"end":{"line":77,"column":29}},"4":{"start":{"line":78,"column":8},"end":{"line":78,"column":39}},"5":{"start":{"line":79,"column":8},"end":{"line":79,"column":37}},"6":{"start":{"line":80,"column":8},"end":{"line":80,"column":35}},"7":{"start":{"line":81,"column":8},"end":{"line":81,"column":51}},"8":{"start":{"line":82,"column":8},"end":{"line":82,"column":45}},"9":{"start":{"line":83,"column":8},"end":{"line":83,"column":37}},"10":{"start":{"line":84,"column":8},"end":{"line":84,"column":55}},"11":{"start":{"line":85,"column":8},"end":{"line":85,"column":45}},"12":{"start":{"line":86,"column":8},"end":{"line":86,"column":33}},"13":{"start":{"line":87,"column":8},"end":{"line":87,"column":41}},"14":{"start":{"line":88,"column":8},"end":{"line":88,"column":37}},"15":{"start":{"line":89,"column":8},"end":{"line":89,"column":47}},"16":{"start":{"line":90,"column":8},"end":{"line":90,"column":39}},"17":{"start":{"line":92,"column":8},"end":{"line":92,"column":26}},"18":{"start":{"line":37,"column":0},"end":{"line":37,"column":21}},"19":{"start":{"line":122,"column":4},"end":{"line":122,"column":29}},"20":{"start":{"line":123,"column":4},"end":{"line":123,"column":35}},"21":{"start":{"line":124,"column":4},"end":{"line":124,"column":29}},"22":{"start":{"line":125,"column":4},"end":{"line":125,"column":27}},"23":{"start":{"line":126,"column":4},"end":{"line":126,"column":37}},"24":{"start":{"line":127,"column":4},"end":{"line":132,"column":5}},"25":{"start":{"line":128,"column":6},"end":{"line":129,"column":67}},"26":{"start":{"line":131,"column":6},"end":{"line":131,"column":37}},"27":{"start":{"line":107,"column":0},"end":{"line":107,"column":13}}},"fnMap":{"0":{"name":"(anonymous_0)","decl":{"start":{"line":53,"column":2},"end":{"line":53,"column":null}},"loc":{"start":{"line":72,"column":14},"end":{"line":95,"column":3}}},"1":{"name":"(anonymous_1)","decl":{"start":{"line":114,"column":2},"end":{"line":114,"column":14}},"loc":{"start":{"line":121,"column":3},"end":{"line":133,"column":3}}}},"branchMap":{"0":{"loc":{"start":{"line":74,"column":4},"end":{"line":94,"column":5}},"type":"if","locations":[{"start":{"line":74,"column":4},"end":{"line":94,"column":5}}]},"1":{"loc":{"start":{"line":75,"column":6},"end":{"line":93,"column":7}},"type":"if","locations":[{"start":{"line":75,"column":6},"end":{"line":93,"column":7}},{"start":{"line":91,"column":13},"end":{"line":93,"column":7}}]},"2":{"loc":{"start":{"line":127,"column":4},"end":{"line":132,"column":5}},"type":"if","locations":[{"start":{"line":127,"column":4},"end":{"line":132,"column":5}},{"start":{"line":130,"column":11},"end":{"line":132,"column":5}}]}},"s":{"0":0,"1":0,"2":0,"3":0,"4":0,"5":0,"6":0,"7":0,"8":0,"9":0,"10":0,"11":0,"12":0,"13":0,"14":0,"15":0,"16":0,"17":0,"18":1,"19":0,"20":0,"21":0,"22":0,"23":0,"24":0,"25":0,"26":0,"27":1},"f":{"0":0,"1":0},"b":{"0":[0],"1":[0,0],"2":[0,0]}}
,"D:\\Dropbox\\Luca\\6_Projekte\\coding\\ao3\\ao3-toolkit-rewrite\\ao3-toolkit\\src\\classes\\ClassWorkUserData.ts": {"path":"D:\\Dropbox\\Luca\\6_Projekte\\coding\\ao3\\ao3-toolkit-rewrite\\ao3-toolkit\\src\\classes\\ClassWorkUserData.ts","statementMap":{"0":{"start":{"line":15,"column":4},"end":{"line":15,"column":35}},"1":{"start":{"line":16,"column":4},"end":{"line":16,"column":49}},"2":{"start":{"line":17,"column":4},"end":{"line":17,"column":35}},"3":{"start":{"line":6,"column":0},"end":{"line":6,"column":13}}},"fnMap":{"0":{"name":"(anonymous_0)","decl":{"start":{"line":10,"column":2},"end":{"line":10,"column":14}},"loc":{"start":{"line":14,"column":3},"end":{"line":18,"column":3}}}},"branchMap":{},"s":{"0":0,"1":0,"2":0,"3":0},"f":{"0":0},"b":{}}
,"D:\\Dropbox\\Luca\\6_Projekte\\coding\\ao3\\ao3-toolkit-rewrite\\ao3-toolkit\\src\\utils\\getWorkInfo.ts": {"path":"D:\\Dropbox\\Luca\\6_Projekte\\coding\\ao3\\ao3-toolkit-rewrite\\ao3-toolkit\\src\\utils\\getWorkInfo.ts","statementMap":{"0":{"start":{"line":3,"column":0},"end":{"line":3,"column":63}},"1":{"start":{"line":4,"column":0},"end":{"line":4,"column":64}},"2":{"start":{"line":21,"column":0},"end":{"line":21,"column":40}},"3":{"start":{"line":31,"column":15},"end":{"line":31,"column":47}},"4":{"start":{"line":33,"column":24},"end":{"line":47,"column":4}},"5":{"start":{"line":49,"column":2},"end":{"line":49,"column":71}},"6":{"start":{"line":28,"column":0},"end":{"line":28,"column":15}},"7":{"start":{"line":60,"column":12},"end":{"line":60,"column":44}},"8":{"start":{"line":61,"column":2},"end":{"line":61,"column":71}},"9":{"start":{"line":57,"column":0},"end":{"line":57,"column":7}},"10":{"start":{"line":72,"column":12},"end":{"line":72,"column":44}},"11":{"start":{"line":74,"column":2},"end":{"line":83,"column":4}},"12":{"start":{"line":78,"column":8},"end":{"line":81,"column":11}},"13":{"start":{"line":69,"column":0},"end":{"line":69,"column":7}},"14":{"start":{"line":94,"column":12},"end":{"line":94,"column":44}},"15":{"start":{"line":95,"column":2},"end":{"line":102,"column":7}},"16":{"start":{"line":98,"column":6},"end":{"line":101,"column":8}},"17":{"start":{"line":91,"column":0},"end":{"line":91,"column":7}},"18":{"start":{"line":113,"column":32},"end":{"line":113,"column":64}},"19":{"start":{"line":115,"column":2},"end":{"line":124,"column":7}},"20":{"start":{"line":120,"column":6},"end":{"line":123,"column":8}},"21":{"start":{"line":110,"column":0},"end":{"line":110,"column":7}},"22":{"start":{"line":135,"column":32},"end":{"line":135,"column":64}},"23":{"start":{"line":137,"column":2},"end":{"line":146,"column":7}},"24":{"start":{"line":142,"column":6},"end":{"line":145,"column":8}},"25":{"start":{"line":132,"column":0},"end":{"line":132,"column":7}},"26":{"start":{"line":157,"column":32},"end":{"line":157,"column":64}},"27":{"start":{"line":159,"column":2},"end":{"line":164,"column":4}},"28":{"start":{"line":154,"column":0},"end":{"line":154,"column":7}},"29":{"start":{"line":175,"column":32},"end":{"line":175,"column":64}},"30":{"start":{"line":178,"column":2},"end":{"line":187,"column":7}},"31":{"start":{"line":183,"column":6},"end":{"line":186,"column":8}},"32":{"start":{"line":172,"column":0},"end":{"line":172,"column":7}},"33":{"start":{"line":198,"column":32},"end":{"line":198,"column":64}},"34":{"start":{"line":200,"column":2},"end":{"line":209,"column":7}},"35":{"start":{"line":205,"column":6},"end":{"line":208,"column":8}},"36":{"start":{"line":195,"column":0},"end":{"line":195,"column":7}},"37":{"start":{"line":220,"column":32},"end":{"line":220,"column":64}},"38":{"start":{"line":222,"column":2},"end":{"line":231,"column":7}},"39":{"start":{"line":227,"column":6},"end":{"line":230,"column":8}},"40":{"start":{"line":217,"column":0},"end":{"line":217,"column":7}},"41":{"start":{"line":242,"column":32},"end":{"line":242,"column":64}},"42":{"start":{"line":244,"column":2},"end":{"line":246,"column":4}},"43":{"start":{"line":239,"column":0},"end":{"line":239,"column":7}},"44":{"start":{"line":257,"column":32},"end":{"line":257,"column":64}},"45":{"start":{"line":259,"column":2},"end":{"line":270,"column":7}},"46":{"start":{"line":263,"column":6},"end":{"line":269,"column":8}},"47":{"start":{"line":254,"column":0},"end":{"line":254,"column":7}},"48":{"start":{"line":281,"column":32},"end":{"line":281,"column":64}},"49":{"start":{"line":283,"column":2},"end":{"line":292,"column":7}},"50":{"start":{"line":288,"column":6},"end":{"line":291,"column":8}},"51":{"start":{"line":278,"column":0},"end":{"line":278,"column":7}},"52":{"start":{"line":303,"column":32},"end":{"line":303,"column":64}},"53":{"start":{"line":305,"column":21},"end":{"line":310,"column":6}},"54":{"start":{"line":309,"column":6},"end":{"line":309,"column":26}},"55":{"start":{"line":312,"column":2},"end":{"line":312,"column":46}},"56":{"start":{"line":300,"column":0},"end":{"line":300,"column":7}},"57":{"start":{"line":318,"column":32},"end":{"line":318,"column":64}},"58":{"start":{"line":320,"column":23},"end":{"line":320,"column":36}},"59":{"start":{"line":322,"column":2},"end":{"line":328,"column":5}},"60":{"start":{"line":331,"column":4},"end":{"line":331,"column":73}},"61":{"start":{"line":337,"column":4},"end":{"line":340,"column":6}},"62":{"start":{"line":345,"column":21},"end":{"line":345,"column":72}},"63":{"start":{"line":346,"column":6},"end":{"line":348,"column":7}},"64":{"start":{"line":347,"column":8},"end":{"line":347,"column":17}},"65":{"start":{"line":349,"column":6},"end":{"line":349,"column":30}},"66":{"start":{"line":355,"column":21},"end":{"line":355,"column":72}},"67":{"start":{"line":356,"column":6},"end":{"line":358,"column":7}},"68":{"start":{"line":357,"column":8},"end":{"line":357,"column":17}},"69":{"start":{"line":360,"column":6},"end":{"line":360,"column":30}},"70":{"start":{"line":365,"column":4},"end":{"line":365,"column":56}},"71":{"start":{"line":369,"column":4},"end":{"line":369,"column":55}},"72":{"start":{"line":373,"column":4},"end":{"line":373,"column":60}},"73":{"start":{"line":315,"column":0},"end":{"line":315,"column":7}}},"fnMap":{"0":{"name":"getWorkInfo","decl":{"start":{"line":28,"column":30},"end":{"line":28,"column":41}},"loc":{"start":{"line":29,"column":36},"end":{"line":50,"column":1}}},"1":{"name":"getTitle","decl":{"start":{"line":57,"column":22},"end":{"line":57,"column":30}},"loc":{"start":{"line":58,"column":36},"end":{"line":62,"column":1}}},"2":{"name":"getAuthor","decl":{"start":{"line":69,"column":22},"end":{"line":69,"column":31}},"loc":{"start":{"line":70,"column":36},"end":{"line":84,"column":1}}},"3":{"name":"(anonymous_10)","decl":{"start":{"line":77,"column":11},"end":{"line":77,"column":12}},"loc":{"start":{"line":77,"column":35},"end":{"line":82,"column":7}}},"4":{"name":"getFandom","decl":{"start":{"line":91,"column":22},"end":{"line":91,"column":31}},"loc":{"start":{"line":92,"column":36},"end":{"line":103,"column":1}}},"5":{"name":"(anonymous_12)","decl":{"start":{"line":97,"column":9},"end":{"line":97,"column":10}},"loc":{"start":{"line":97,"column":33},"end":{"line":102,"column":5}}},"6":{"name":"getRelationship","decl":{"start":{"line":110,"column":22},"end":{"line":110,"column":37}},"loc":{"start":{"line":111,"column":36},"end":{"line":125,"column":1}}},"7":{"name":"(anonymous_14)","decl":{"start":{"line":119,"column":9},"end":{"line":119,"column":10}},"loc":{"start":{"line":119,"column":16},"end":{"line":124,"column":5}}},"8":{"name":"getCharacter","decl":{"start":{"line":132,"column":22},"end":{"line":132,"column":34}},"loc":{"start":{"line":133,"column":36},"end":{"line":147,"column":1}}},"9":{"name":"(anonymous_16)","decl":{"start":{"line":141,"column":9},"end":{"line":141,"column":10}},"loc":{"start":{"line":141,"column":16},"end":{"line":146,"column":5}}},"10":{"name":"getRating","decl":{"start":{"line":154,"column":22},"end":{"line":154,"column":31}},"loc":{"start":{"line":155,"column":36},"end":{"line":165,"column":1}}},"11":{"name":"getArchiveWarnings","decl":{"start":{"line":172,"column":22},"end":{"line":172,"column":40}},"loc":{"start":{"line":173,"column":36},"end":{"line":188,"column":1}}},"12":{"name":"(anonymous_19)","decl":{"start":{"line":182,"column":9},"end":{"line":182,"column":10}},"loc":{"start":{"line":182,"column":16},"end":{"line":187,"column":5}}},"13":{"name":"getCategories","decl":{"start":{"line":195,"column":22},"end":{"line":195,"column":35}},"loc":{"start":{"line":196,"column":36},"end":{"line":210,"column":1}}},"14":{"name":"(anonymous_21)","decl":{"start":{"line":204,"column":9},"end":{"line":204,"column":10}},"loc":{"start":{"line":204,"column":16},"end":{"line":209,"column":5}}},"15":{"name":"getTags","decl":{"start":{"line":217,"column":22},"end":{"line":217,"column":29}},"loc":{"start":{"line":218,"column":36},"end":{"line":232,"column":1}}},"16":{"name":"(anonymous_23)","decl":{"start":{"line":226,"column":9},"end":{"line":226,"column":10}},"loc":{"start":{"line":226,"column":16},"end":{"line":231,"column":5}}},"17":{"name":"getLanguage","decl":{"start":{"line":239,"column":22},"end":{"line":239,"column":33}},"loc":{"start":{"line":240,"column":36},"end":{"line":247,"column":1}}},"18":{"name":"getSeries","decl":{"start":{"line":254,"column":22},"end":{"line":254,"column":31}},"loc":{"start":{"line":255,"column":36},"end":{"line":271,"column":1}}},"19":{"name":"(anonymous_26)","decl":{"start":{"line":262,"column":9},"end":{"line":262,"column":10}},"loc":{"start":{"line":262,"column":16},"end":{"line":270,"column":5}}},"20":{"name":"getCollections","decl":{"start":{"line":278,"column":22},"end":{"line":278,"column":36}},"loc":{"start":{"line":279,"column":36},"end":{"line":293,"column":1}}},"21":{"name":"(anonymous_28)","decl":{"start":{"line":287,"column":9},"end":{"line":287,"column":10}},"loc":{"start":{"line":287,"column":16},"end":{"line":292,"column":5}}},"22":{"name":"getSummary","decl":{"start":{"line":300,"column":22},"end":{"line":300,"column":32}},"loc":{"start":{"line":301,"column":36},"end":{"line":313,"column":1}}},"23":{"name":"(anonymous_30)","decl":{"start":{"line":308,"column":9},"end":{"line":308,"column":10}},"loc":{"start":{"line":308,"column":16},"end":{"line":310,"column":5}}},"24":{"name":"getWorkStats","decl":{"start":{"line":315,"column":22},"end":{"line":315,"column":34}},"loc":{"start":{"line":316,"column":36},"end":{"line":375,"column":1}}},"25":{"name":"getWorkWords","decl":{"start":{"line":330,"column":11},"end":{"line":330,"column":23}},"loc":{"start":{"line":330,"column":63},"end":{"line":332,"column":3}}},"26":{"name":"getWorkChapters","decl":{"start":{"line":334,"column":11},"end":{"line":334,"column":26}},"loc":{"start":{"line":335,"column":43},"end":{"line":362,"column":3}}},"27":{"name":"getWorkChaptersWritten","decl":{"start":{"line":342,"column":13},"end":{"line":342,"column":35}},"loc":{"start":{"line":343,"column":45},"end":{"line":350,"column":5}}},"28":{"name":"getWorkChaptersMax","decl":{"start":{"line":352,"column":13},"end":{"line":352,"column":31}},"loc":{"start":{"line":353,"column":45},"end":{"line":361,"column":5}}},"29":{"name":"getWorkKudos","decl":{"start":{"line":364,"column":11},"end":{"line":364,"column":23}},"loc":{"start":{"line":364,"column":63},"end":{"line":366,"column":3}}},"30":{"name":"getWorkHits","decl":{"start":{"line":368,"column":11},"end":{"line":368,"column":22}},"loc":{"start":{"line":368,"column":62},"end":{"line":370,"column":3}}},"31":{"name":"getWorkBookmarks","decl":{"start":{"line":372,"column":11},"end":{"line":372,"column":27}},"loc":{"start":{"line":372,"column":67},"end":{"line":374,"column":3}}}},"branchMap":{"0":{"loc":{"start":{"line":346,"column":6},"end":{"line":348,"column":7}},"type":"if","locations":[{"start":{"line":346,"column":6},"end":{"line":348,"column":7}}]},"1":{"loc":{"start":{"line":356,"column":6},"end":{"line":358,"column":7}},"type":"if","locations":[{"start":{"line":356,"column":6},"end":{"line":358,"column":7}}]}},"s":{"0":1,"1":1,"2":1,"3":0,"4":0,"5":0,"6":1,"7":1,"8":1,"9":1,"10":1,"11":1,"12":1,"13":1,"14":0,"15":0,"16":0,"17":1,"18":0,"19":0,"20":0,"21":1,"22":0,"23":0,"24":0,"25":1,"26":0,"27":0,"28":1,"29":0,"30":0,"31":0,"32":1,"33":0,"34":0,"35":0,"36":1,"37":0,"38":0,"39":0,"40":1,"41":0,"42":0,"43":1,"44":0,"45":0,"46":0,"47":1,"48":0,"49":0,"50":0,"51":1,"52":0,"53":0,"54":0,"55":0,"56":1,"57":0,"58":0,"59":0,"60":0,"61":0,"62":0,"63":0,"64":0,"65":0,"66":0,"67":0,"68":0,"69":0,"70":0,"71":0,"72":0,"73":1},"f":{"0":0,"1":1,"2":1,"3":1,"4":0,"5":0,"6":0,"7":0,"8":0,"9":0,"10":0,"11":0,"12":0,"13":0,"14":0,"15":0,"16":0,"17":0,"18":0,"19":0,"20":0,"21":0,"22":0,"23":0,"24":0,"25":0,"26":0,"27":0,"28":0,"29":0,"30":0,"31":0},"b":{"0":[0],"1":[0]}}
,"D:\\Dropbox\\Luca\\6_Projekte\\coding\\ao3\\ao3-toolkit-rewrite\\ao3-toolkit\\src\\utils\\helpers.ts": {"path":"D:\\Dropbox\\Luca\\6_Projekte\\coding\\ao3\\ao3-toolkit-rewrite\\ao3-toolkit\\src\\utils\\helpers.ts","statementMap":{"0":{"start":{"line":1,"column":0},"end":{"line":1,"column":26}},"1":{"start":{"line":2,"column":0},"end":{"line":2,"column":35}},"2":{"start":{"line":7,"column":2},"end":{"line":9,"column":3}},"3":{"start":{"line":8,"column":4},"end":{"line":8,"column":17}},"4":{"start":{"line":11,"column":14},"end":{"line":11,"column":58}},"5":{"start":{"line":12,"column":19},"end":{"line":19,"column":4}},"6":{"start":{"line":21,"column":2},"end":{"line":23,"column":3}},"7":{"start":{"line":22,"column":4},"end":{"line":22,"column":67}},"8":{"start":{"line":25,"column":2},"end":{"line":25,"column":37}},"9":{"start":{"line":4,"column":0},"end":{"line":4,"column":7}},"10":{"start":{"line":29,"column":2},"end":{"line":31,"column":3}},"11":{"start":{"line":30,"column":4},"end":{"line":30,"column":53}},"12":{"start":{"line":33,"column":16},"end":{"line":33,"column":51}},"13":{"start":{"line":34,"column":2},"end":{"line":36,"column":3}},"14":{"start":{"line":35,"column":4},"end":{"line":35,"column":52}},"15":{"start":{"line":37,"column":2},"end":{"line":37,"column":18}},"16":{"start":{"line":28,"column":0},"end":{"line":28,"column":16}}},"fnMap":{"0":{"name":"getParsableInfodata","decl":{"start":{"line":4,"column":22},"end":{"line":4,"column":41}},"loc":{"start":{"line":5,"column":36},"end":{"line":26,"column":1}}},"1":{"name":"linkToAbsolute","decl":{"start":{"line":28,"column":16},"end":{"line":28,"column":30}},"loc":{"start":{"line":28,"column":59},"end":{"line":38,"column":1}}}},"branchMap":{"0":{"loc":{"start":{"line":7,"column":2},"end":{"line":9,"column":3}},"type":"if","locations":[{"start":{"line":7,"column":2},"end":{"line":9,"column":3}}]},"1":{"loc":{"start":{"line":21,"column":2},"end":{"line":23,"column":3}},"type":"if","locations":[{"start":{"line":21,"column":2},"end":{"line":23,"column":3}}]},"2":{"loc":{"start":{"line":29,"column":2},"end":{"line":31,"column":3}},"type":"if","locations":[{"start":{"line":29,"column":2},"end":{"line":31,"column":3}}]},"3":{"loc":{"start":{"line":34,"column":2},"end":{"line":36,"column":3}},"type":"if","locations":[{"start":{"line":34,"column":2},"end":{"line":36,"column":3}}]}},"s":{"0":1,"1":1,"2":2,"3":0,"4":2,"5":2,"6":2,"7":0,"8":2,"9":1,"10":1,"11":0,"12":1,"13":1,"14":1,"15":0,"16":1},"f":{"0":2,"1":1},"b":{"0":[0],"1":[0],"2":[0],"3":[1]}}
}
