TN:
SF:src\classes\ClassUser.ts
FN:9,(anonymous_0)
FNF:1
FNH:1
FNDA:1,(anonymous_0)
DA:6,1
DA:10,1
DA:11,1
LF:3
LH:3
BRF:0
BRH:0
end_of_record
TN:
SF:src\classes\ClassWork.ts
FN:15,(anonymous_0)
FNF:1
FNH:0
FNDA:0,(anonymous_0)
DA:11,0
DA:20,0
DA:21,0
DA:22,0
LF:4
LH:0
BRF:0
BRH:0
end_of_record
TN:
SF:src\classes\ClassWorkInfo.ts
FN:53,(anonymous_0)
FN:114,(anonymous_1)
FNF:2
FNH:0
FNDA:0,(anonymous_0)
FNDA:0,(anonymous_1)
DA:37,1
DA:74,0
DA:75,0
DA:76,0
DA:77,0
DA:78,0
DA:79,0
DA:80,0
DA:81,0
DA:82,0
DA:83,0
DA:84,0
DA:85,0
DA:86,0
DA:87,0
DA:88,0
DA:89,0
DA:90,0
DA:92,0
DA:107,1
DA:122,0
DA:123,0
DA:124,0
DA:125,0
DA:126,0
DA:127,0
DA:128,0
DA:131,0
LF:28
LH:2
BRDA:74,0,0,0
BRDA:75,1,0,0
BRDA:75,1,1,0
BRDA:127,2,0,0
BRDA:127,2,1,0
BRF:5
BRH:0
end_of_record
TN:
SF:src\classes\ClassWorkUserData.ts
FN:10,(anonymous_0)
FNF:1
FNH:0
FNDA:0,(anonymous_0)
DA:6,0
DA:15,0
DA:16,0
DA:17,0
LF:4
LH:0
BRF:0
BRH:0
end_of_record
TN:
SF:src\utils\getWorkInfo.ts
FN:28,getWorkInfo
FN:57,getTitle
FN:69,getAuthor
FN:77,(anonymous_10)
FN:91,getFandom
FN:97,(anonymous_12)
FN:110,getRelationship
FN:119,(anonymous_14)
FN:132,getCharacter
FN:141,(anonymous_16)
FN:154,getRating
FN:172,getArchiveWarnings
FN:182,(anonymous_19)
FN:195,getCategories
FN:204,(anonymous_21)
FN:217,getTags
FN:226,(anonymous_23)
FN:239,getLanguage
FN:254,getSeries
FN:262,(anonymous_26)
FN:278,getCollections
FN:287,(anonymous_28)
FN:300,getSummary
FN:308,(anonymous_30)
FN:315,getWorkStats
FN:330,getWorkWords
FN:334,getWorkChapters
FN:342,getWorkChaptersWritten
FN:352,getWorkChaptersMax
FN:364,getWorkKudos
FN:368,getWorkHits
FN:372,getWorkBookmarks
FNF:32
FNH:3
FNDA:0,getWorkInfo
FNDA:1,getTitle
FNDA:1,getAuthor
FNDA:1,(anonymous_10)
FNDA:0,getFandom
FNDA:0,(anonymous_12)
FNDA:0,getRelationship
FNDA:0,(anonymous_14)
FNDA:0,getCharacter
FNDA:0,(anonymous_16)
FNDA:0,getRating
FNDA:0,getArchiveWarnings
FNDA:0,(anonymous_19)
FNDA:0,getCategories
FNDA:0,(anonymous_21)
FNDA:0,getTags
FNDA:0,(anonymous_23)
FNDA:0,getLanguage
FNDA:0,getSeries
FNDA:0,(anonymous_26)
FNDA:0,getCollections
FNDA:0,(anonymous_28)
FNDA:0,getSummary
FNDA:0,(anonymous_30)
FNDA:0,getWorkStats
FNDA:0,getWorkWords
FNDA:0,getWorkChapters
FNDA:0,getWorkChaptersWritten
FNDA:0,getWorkChaptersMax
FNDA:0,getWorkKudos
FNDA:0,getWorkHits
FNDA:0,getWorkBookmarks
DA:3,1
DA:4,1
DA:21,1
DA:28,1
DA:31,0
DA:33,0
DA:49,0
DA:57,1
DA:60,1
DA:61,1
DA:69,1
DA:72,1
DA:74,1
DA:78,1
DA:91,1
DA:94,0
DA:95,0
DA:98,0
DA:110,1
DA:113,0
DA:115,0
DA:120,0
DA:132,1
DA:135,0
DA:137,0
DA:142,0
DA:154,1
DA:157,0
DA:159,0
DA:172,1
DA:175,0
DA:178,0
DA:183,0
DA:195,1
DA:198,0
DA:200,0
DA:205,0
DA:217,1
DA:220,0
DA:222,0
DA:227,0
DA:239,1
DA:242,0
DA:244,0
DA:254,1
DA:257,0
DA:259,0
DA:263,0
DA:278,1
DA:281,0
DA:283,0
DA:288,0
DA:300,1
DA:303,0
DA:305,0
DA:309,0
DA:312,0
DA:315,1
DA:318,0
DA:320,0
DA:322,0
DA:331,0
DA:337,0
DA:345,0
DA:346,0
DA:347,0
DA:349,0
DA:355,0
DA:356,0
DA:357,0
DA:360,0
DA:365,0
DA:369,0
DA:373,0
LF:74
LH:23
BRDA:346,0,0,0
BRDA:356,1,0,0
BRF:2
BRH:0
end_of_record
TN:
SF:src\utils\helpers.ts
FN:4,getParsableInfodata
FN:28,linkToAbsolute
FNF:2
FNH:2
FNDA:2,getParsableInfodata
FNDA:1,linkToAbsolute
DA:1,1
DA:2,1
DA:4,1
DA:7,2
DA:8,0
DA:11,2
DA:12,2
DA:21,2
DA:22,0
DA:25,2
DA:28,1
DA:29,1
DA:30,0
DA:33,1
DA:34,1
DA:35,1
DA:37,0
LF:17
LH:13
BRDA:7,0,0,0
BRDA:21,1,0,0
BRDA:29,2,0,0
BRDA:34,3,0,1
BRF:4
BRH:1
end_of_record
